<?xml version="1.0" encoding="UTF-8"?>
<!-- Generated by org.testng.reporters.JUnitReportReporter -->
<testsuite skipped="0" hostname="HQ88" name="com.crm.qa.testcases.LoginPageTest" tests="3" failures="0" timestamp="23 oct 2018 01:46:53 GMT" time="26.191" errors="0">
  <testcase name="loginPageTitleTest" time="6.540" classname="com.crm.qa.testcases.LoginPageTest"/>
  <testcase name="loginPageValidateLogoTest" time="8.296" classname="com.crm.qa.testcases.LoginPageTest"/>
  <testcase name="loginPageValidateLoginTest" time="11.355" classname="com.crm.qa.testcases.LoginPageTest"/>
</testsuite> <!-- com.crm.qa.testcases.LoginPageTest -->
