<?xml version="1.0" encoding="UTF-8"?>
<!-- Generated by org.testng.reporters.JUnitReportReporter -->
<testsuite skipped="0" hostname="HQ88" name="com.crm.qa.testcases.HomePageTest" tests="2" failures="0" timestamp="03 nov 2018 21:05:27 GMT" time="38.376" errors="0">
  <testcase name="verifyHomePageTitle" time="17.424" classname="com.crm.qa.testcases.HomePageTest"/>
  <testcase name="verifyCorrectUserName" time="20.952" classname="com.crm.qa.testcases.HomePageTest"/>
</testsuite> <!-- com.crm.qa.testcases.HomePageTest -->
