<?xml version="1.0" encoding="UTF-8"?>
<!-- Generated by org.testng.reporters.JUnitReportReporter -->
<testsuite skipped="0" hostname="HQ88" name="com.crm.qa.testcases.LoginPageTest" tests="3" failures="0" timestamp="03 nov 2018 21:05:27 GMT" time="34.796" errors="0">
  <testcase name="loginPageTitleTest" time="8.622" classname="com.crm.qa.testcases.LoginPageTest"/>
  <testcase name="loginPageValidateLogoTest" time="10.083" classname="com.crm.qa.testcases.LoginPageTest"/>
  <testcase name="loginPageValidateLoginTest" time="16.091" classname="com.crm.qa.testcases.LoginPageTest"/>
</testsuite> <!-- com.crm.qa.testcases.LoginPageTest -->
